c:\users\koazy-0\source\repos\1.4\hook\hook\x64\release\hook.pch
c:\users\koazy-0\source\repos\1.4\hook\hook\x64\release\vc141.pdb
c:\users\koazy-0\source\repos\1.4\hook\hook\x64\release\pch.obj
c:\users\koazy-0\source\repos\1.4\hook\hook\x64\release\dllmain.obj
c:\users\koazy-0\source\repos\1.4\test1\x64\release\hook.lib
c:\users\koazy-0\source\repos\1.4\test1\x64\release\hook.exp
c:\users\koazy-0\source\repos\1.4\test1\x64\release\hook.ipdb
c:\users\koazy-0\source\repos\1.4\test1\x64\release\hook.iobj
c:\users\koazy-0\source\repos\1.4\test1\x64\release\hook.dll
c:\users\koazy-0\source\repos\1.4\test1\x64\release\hook.pdb
c:\users\koazy-0\desktop\游戏安全\gamesecurity-main\sourcecode\1.3\hook\hook\x64\release\dllmain.obj
c:\users\koazy-0\desktop\游戏安全\gamesecurity-main\sourcecode\1.3\hook\hook\x64\release\pch.obj
c:\users\koazy-0\desktop\游戏安全\gamesecurity-main\sourcecode\1.3\hook\hook\x64\release\hook.pch
c:\users\koazy-0\desktop\游戏安全\gamesecurity-main\sourcecode\1.3\hook\hook\x64\release\vc141.pdb
c:\users\koazy-0\desktop\游戏安全\gamesecurity-main\sourcecode\1.3\test1\x64\release\hook.pdb
c:\users\koazy-0\desktop\游戏安全\gamesecurity-main\sourcecode\1.3\test1\x64\release\hook.dll
c:\users\koazy-0\desktop\游戏安全\gamesecurity-main\sourcecode\1.3\hook\hook\x64\release\hook.tlog\cl.command.1.tlog
c:\users\koazy-0\desktop\游戏安全\gamesecurity-main\sourcecode\1.3\hook\hook\x64\release\hook.tlog\cl.read.1.tlog
c:\users\koazy-0\desktop\游戏安全\gamesecurity-main\sourcecode\1.3\hook\hook\x64\release\hook.tlog\cl.write.1.tlog
c:\users\koazy-0\desktop\游戏安全\gamesecurity-main\sourcecode\1.3\hook\hook\x64\release\hook.tlog\hook.write.1u.tlog
c:\users\koazy-0\desktop\游戏安全\gamesecurity-main\sourcecode\1.3\hook\hook\x64\release\hook.tlog\link.command.1.tlog
c:\users\koazy-0\desktop\游戏安全\gamesecurity-main\sourcecode\1.3\hook\hook\x64\release\hook.tlog\link.read.1.tlog
c:\users\koazy-0\desktop\游戏安全\gamesecurity-main\sourcecode\1.3\hook\hook\x64\release\hook.tlog\link.write.1.tlog
